0 info it worked if it ends with ok
1 verbose cli [ 'C:\\Program Files\\nodejs\\node.exe',
1 verbose cli   'C:\\Program Files\\nodejs\\node_modules\\npm\\bin\\npm-cli.js',
1 verbose cli   'run',
1 verbose cli   'build-js' ]
2 info using npm@3.10.10
3 info using node@v6.9.3
4 verbose run-script [ 'prebuild-js', 'build-js', 'postbuild-js' ]
5 info lifecycle build-with-npm-scripts@1.0.0~prebuild-js: build-with-npm-scripts@1.0.0
6 silly lifecycle build-with-npm-scripts@1.0.0~prebuild-js: no script for prebuild-js, continuing
7 info lifecycle build-with-npm-scripts@1.0.0~build-js: build-with-npm-scripts@1.0.0
8 verbose lifecycle build-with-npm-scripts@1.0.0~build-js: unsafe-perm in lifecycle true
9 verbose lifecycle build-with-npm-scripts@1.0.0~build-js: PATH: C:\Program Files\nodejs\node_modules\npm\bin\node-gyp-bin;C:\Users\creightons\Desktop\Project Folder\build-with-npm-scripts\node_modules\.bin;C:\Users\creightons\bin;C:\Program Files\Git\mingw64\bin;C:\Program Files\Git\usr\local\bin;C:\Program Files\Git\usr\bin;C:\Program Files\Git\usr\bin;C:\Program Files\Git\mingw64\bin;C:\Program Files\Git\usr\bin;C:\Users\creightons\bin;C:\Program Files (x86)\Intel\iCLS Client;C:\Program Files\Intel\iCLS Client;C:\WINDOWS\system32;C:\WINDOWS;C:\WINDOWS\System32\Wbem;C:\WINDOWS\System32\WindowsPowerShell\v1.0;C:\Program Files (x86)\Intel\Intel(R) Management Engine Components\DAL;C:\Program Files\Intel\Intel(R) Management Engine Components\DAL;C:\Program Files (x86)\Intel\Intel(R) Management Engine Components\IPT;C:\Program Files\Intel\Intel(R) Management Engine Components\IPT;C:\Program Files\nodejs;C:\Users\creightons\AppData\Local\Microsoft\WindowsApps;C:\Users\creightons\AppData\Roaming\npm;C:\Program Files\Git\usr\bin\vendor_perl;C:\Program Files\Git\usr\bin\core_perl
10 verbose lifecycle build-with-npm-scripts@1.0.0~build-js: CWD: C:\Users\creightons\Desktop\Project Folder\build-with-npm-scripts
11 silly lifecycle build-with-npm-scripts@1.0.0~build-js: Args: [ '/d /s /c', 'browserify src/index.js > dist build.js' ]
12 silly lifecycle build-with-npm-scripts@1.0.0~build-js: Returned: code: 1  signal: null
13 info lifecycle build-with-npm-scripts@1.0.0~build-js: Failed to exec build-js script
14 verbose stack Error: build-with-npm-scripts@1.0.0 build-js: `browserify src/index.js > dist build.js`
14 verbose stack Exit status 1
14 verbose stack     at EventEmitter.<anonymous> (C:\Program Files\nodejs\node_modules\npm\lib\utils\lifecycle.js:255:16)
14 verbose stack     at emitTwo (events.js:106:13)
14 verbose stack     at EventEmitter.emit (events.js:191:7)
14 verbose stack     at ChildProcess.<anonymous> (C:\Program Files\nodejs\node_modules\npm\lib\utils\spawn.js:40:14)
14 verbose stack     at emitTwo (events.js:106:13)
14 verbose stack     at ChildProcess.emit (events.js:191:7)
14 verbose stack     at maybeClose (internal/child_process.js:877:16)
14 verbose stack     at Process.ChildProcess._handle.onexit (internal/child_process.js:226:5)
15 verbose pkgid build-with-npm-scripts@1.0.0
16 verbose cwd C:\Users\creightons\Desktop\Project Folder\build-with-npm-scripts\src
17 error Windows_NT 10.0.14393
18 error argv "C:\\Program Files\\nodejs\\node.exe" "C:\\Program Files\\nodejs\\node_modules\\npm\\bin\\npm-cli.js" "run" "build-js"
19 error node v6.9.3
20 error npm  v3.10.10
21 error code ELIFECYCLE
22 error build-with-npm-scripts@1.0.0 build-js: `browserify src/index.js > dist build.js`
22 error Exit status 1
23 error Failed at the build-with-npm-scripts@1.0.0 build-js script 'browserify src/index.js > dist build.js'.
23 error Make sure you have the latest version of node.js and npm installed.
23 error If you do, this is most likely a problem with the build-with-npm-scripts package,
23 error not with npm itself.
23 error Tell the author that this fails on your system:
23 error     browserify src/index.js > dist build.js
23 error You can get information on how to open an issue for this project with:
23 error     npm bugs build-with-npm-scripts
23 error Or if that isn't available, you can get their info via:
23 error     npm owner ls build-with-npm-scripts
23 error There is likely additional logging output above.
24 verbose exit [ 1, true ]
